[2025-01-31 12:26:30] local.DEBUG: {"id":581596,"source_id":null,"maker":null,"count_empanadas":null,"scoring":null,"session_id":null,"custom_fields":null,"rd_station_response":null,"status_id":null,"inquiry_product_id":null,"name":"John Doe","document":null,"position":null,"user_id":null,"lead_id":null,"phone":"573125407247","phone2":null,"contact_phone2":null,"phone_wp":null,"area_code":null,"postal_code":null,"business":null,"business_document":null,"business_phone":null,"business_area_code":null,"business_address":null,"business_email":null,"business_city":null,"email":null,"address":null,"city":null,"country":null,"department":null,"contact_name":null,"contact_email":null,"contact_position":null,"bought_products":null,"purchase_date":null,"notes":null,"request":null,"technical_visit":null,"gender":null,"scoring_interest":null,"scoring_profile":null,"rd_public_url":null,"src":null,"cid":null,"vas":null,"rd_source":null,"product_id":null,"updated_user_id":null,"creator_user_id":null,"country2":null,"company_type":null,"number_venues":null,"empanadas_size":null,"utm_source":null,"utm_medium":null,"utm_campaign":null,"utm_term":null,"utm_content":null,"image_url":null,"linkedin_url":null,"company_description":null,"created_at":"2025-01-30T02:27:59.000000Z","updated_at":"2025-01-30T02:27:59.000000Z","ad_name":null,"adset_name":null,"campaign_name":null,"country_temp":null,"facebook_id":null,"total_sold":null,"phone_last9":null}  
[2025-01-31 12:26:30] local.DEBUG: {"id":1,"type":"WhatsApp","is_default":1,"APIKEY":"pHPC9TbqDGWVAPRGpzX0VxxNGPJeuXj03uWqt0QQ9b1e9bdf","settings":{"webhook_url":"https:\/\/api.watoolbox.com\/webhooks\/19YC5Q41W","phone_number":"573004410097"},"created_at":null,"updated_at":null,"pivot":{"user_id":8,"message_source_id":1,"is_active":1,"is_default":1}}  
[2025-01-31 12:26:30] local.ERROR: json_decode(): Argument #1 ($json) must be of type string, array given  
[2025-01-31 12:27:26] local.DEBUG: {"id":581596,"source_id":null,"maker":null,"count_empanadas":null,"scoring":null,"session_id":null,"custom_fields":null,"rd_station_response":null,"status_id":null,"inquiry_product_id":null,"name":"John Doe","document":null,"position":null,"user_id":null,"lead_id":null,"phone":"573125407247","phone2":null,"contact_phone2":null,"phone_wp":null,"area_code":null,"postal_code":null,"business":null,"business_document":null,"business_phone":null,"business_area_code":null,"business_address":null,"business_email":null,"business_city":null,"email":null,"address":null,"city":null,"country":null,"department":null,"contact_name":null,"contact_email":null,"contact_position":null,"bought_products":null,"purchase_date":null,"notes":null,"request":null,"technical_visit":null,"gender":null,"scoring_interest":null,"scoring_profile":null,"rd_public_url":null,"src":null,"cid":null,"vas":null,"rd_source":null,"product_id":null,"updated_user_id":null,"creator_user_id":null,"country2":null,"company_type":null,"number_venues":null,"empanadas_size":null,"utm_source":null,"utm_medium":null,"utm_campaign":null,"utm_term":null,"utm_content":null,"image_url":null,"linkedin_url":null,"company_description":null,"created_at":"2025-01-30T02:27:59.000000Z","updated_at":"2025-01-30T02:27:59.000000Z","ad_name":null,"adset_name":null,"campaign_name":null,"country_temp":null,"facebook_id":null,"total_sold":null,"phone_last9":null}  
[2025-01-31 12:27:26] local.DEBUG: {"id":1,"type":"WhatsApp","is_default":1,"APIKEY":"pHPC9TbqDGWVAPRGpzX0VxxNGPJeuXj03uWqt0QQ9b1e9bdf","settings":{"webhook_url":"https:\/\/api.watoolbox.com\/webhooks\/19YC5Q41W","phone_number":"573004410097"},"created_at":null,"updated_at":null,"pivot":{"user_id":8,"message_source_id":1,"is_active":1,"is_default":1}}  
[2025-01-31 12:27:26] local.DEBUG: reacched  
[2025-01-31 12:27:26] local.ERROR: json_decode(): Argument #1 ($json) must be of type string, array given  
[2025-01-31 12:29:08] local.DEBUG: {"id":581596,"source_id":null,"maker":null,"count_empanadas":null,"scoring":null,"session_id":null,"custom_fields":null,"rd_station_response":null,"status_id":null,"inquiry_product_id":null,"name":"John Doe","document":null,"position":null,"user_id":null,"lead_id":null,"phone":"573125407247","phone2":null,"contact_phone2":null,"phone_wp":null,"area_code":null,"postal_code":null,"business":null,"business_document":null,"business_phone":null,"business_area_code":null,"business_address":null,"business_email":null,"business_city":null,"email":null,"address":null,"city":null,"country":null,"department":null,"contact_name":null,"contact_email":null,"contact_position":null,"bought_products":null,"purchase_date":null,"notes":null,"request":null,"technical_visit":null,"gender":null,"scoring_interest":null,"scoring_profile":null,"rd_public_url":null,"src":null,"cid":null,"vas":null,"rd_source":null,"product_id":null,"updated_user_id":null,"creator_user_id":null,"country2":null,"company_type":null,"number_venues":null,"empanadas_size":null,"utm_source":null,"utm_medium":null,"utm_campaign":null,"utm_term":null,"utm_content":null,"image_url":null,"linkedin_url":null,"company_description":null,"created_at":"2025-01-30T02:27:59.000000Z","updated_at":"2025-01-30T02:27:59.000000Z","ad_name":null,"adset_name":null,"campaign_name":null,"country_temp":null,"facebook_id":null,"total_sold":null,"phone_last9":null}  
[2025-01-31 12:29:08] local.DEBUG: array (
  'webhook_url' => 'https://api.watoolbox.com/webhooks/19YC5Q41W',
  'phone_number' => '573004410097',
)  
[2025-01-31 12:29:08] local.DEBUG: reacched  
[2025-01-31 12:29:08] local.ERROR: json_decode(): Argument #1 ($json) must be of type string, array given  
[2025-01-31 12:30:35] local.DEBUG: {"id":581596,"source_id":null,"maker":null,"count_empanadas":null,"scoring":null,"session_id":null,"custom_fields":null,"rd_station_response":null,"status_id":null,"inquiry_product_id":null,"name":"John Doe","document":null,"position":null,"user_id":null,"lead_id":null,"phone":"573125407247","phone2":null,"contact_phone2":null,"phone_wp":null,"area_code":null,"postal_code":null,"business":null,"business_document":null,"business_phone":null,"business_area_code":null,"business_address":null,"business_email":null,"business_city":null,"email":null,"address":null,"city":null,"country":null,"department":null,"contact_name":null,"contact_email":null,"contact_position":null,"bought_products":null,"purchase_date":null,"notes":null,"request":null,"technical_visit":null,"gender":null,"scoring_interest":null,"scoring_profile":null,"rd_public_url":null,"src":null,"cid":null,"vas":null,"rd_source":null,"product_id":null,"updated_user_id":null,"creator_user_id":null,"country2":null,"company_type":null,"number_venues":null,"empanadas_size":null,"utm_source":null,"utm_medium":null,"utm_campaign":null,"utm_term":null,"utm_content":null,"image_url":null,"linkedin_url":null,"company_description":null,"created_at":"2025-01-30T02:27:59.000000Z","updated_at":"2025-01-30T02:27:59.000000Z","ad_name":null,"adset_name":null,"campaign_name":null,"country_temp":null,"facebook_id":null,"total_sold":null,"phone_last9":null}  
[2025-01-31 12:30:35] local.DEBUG: array (
  'webhook_url' => 'https://api.watoolbox.com/webhooks/19YC5Q41W',
  'phone_number' => '573004410097',
)  
[2025-01-31 12:30:35] local.DEBUG: reacched  
[2025-01-31 12:30:35] local.DEBUG: array (
  'WAToolboxService' => 
  array (
    'webhook_url' => 'https://api.watoolbox.com/webhooks/19YC5Q41W',
    'phone_number' => '573004410097',
  ),
)  
[2025-01-31 12:30:35] local.INFO: WAToolBox endpoint set to: https://api.watoolbox.com/webhooks/19YC5Q41W  
[2025-01-31 12:30:35] local.DEBUG: reacched 2  
[2025-01-31 12:30:35] local.INFO: WAToolnbox MessageControler [{"webhook_url":"https://api.watoolbox.com/webhooks/19YC5Q41W","phone_number":"573004410097"}] 
[2025-01-31 12:30:35] local.INFO: sendMessageToWhatsApp  {"phone_number":"573125407247","message":"sss"} 
[2025-01-31 12:30:35] local.INFO: sendMessageToWhatsApp payload {"action":"send-message","phone":"573125407247","content":"sss","type":"text"} 
[2025-01-31 12:30:40] local.INFO: sendMessageToWhatsApp payload [200] 
[2025-01-31 12:30:40] local.DEBUG: https://api.watoolbox.com/webhooks/19YC5Q41W  
[2025-01-31 12:30:40] local.DEBUG: array (
  'success' => true,
)  
[2025-01-31 12:31:37] local.DEBUG: {"id":581596,"source_id":null,"maker":null,"count_empanadas":null,"scoring":null,"session_id":null,"custom_fields":null,"rd_station_response":null,"status_id":null,"inquiry_product_id":null,"name":"John Doe","document":null,"position":null,"user_id":null,"lead_id":null,"phone":"573125407247","phone2":null,"contact_phone2":null,"phone_wp":null,"area_code":null,"postal_code":null,"business":null,"business_document":null,"business_phone":null,"business_area_code":null,"business_address":null,"business_email":null,"business_city":null,"email":null,"address":null,"city":null,"country":null,"department":null,"contact_name":null,"contact_email":null,"contact_position":null,"bought_products":null,"purchase_date":null,"notes":null,"request":null,"technical_visit":null,"gender":null,"scoring_interest":null,"scoring_profile":null,"rd_public_url":null,"src":null,"cid":null,"vas":null,"rd_source":null,"product_id":null,"updated_user_id":null,"creator_user_id":null,"country2":null,"company_type":null,"number_venues":null,"empanadas_size":null,"utm_source":null,"utm_medium":null,"utm_campaign":null,"utm_term":null,"utm_content":null,"image_url":null,"linkedin_url":null,"company_description":null,"created_at":"2025-01-30T02:27:59.000000Z","updated_at":"2025-01-30T02:27:59.000000Z","ad_name":null,"adset_name":null,"campaign_name":null,"country_temp":null,"facebook_id":null,"total_sold":null,"phone_last9":null}  
[2025-01-31 12:31:37] local.DEBUG: array (
  'webhook_url' => 'https://api.watoolbox.com/webhooks/19YC5Q41W',
  'phone_number' => '573004410097',
)  
[2025-01-31 12:31:37] local.DEBUG: reacched  
[2025-01-31 12:31:37] local.DEBUG: array (
  'WAToolboxService' => 
  array (
    'webhook_url' => 'https://api.watoolbox.com/webhooks/19YC5Q41W',
    'phone_number' => '573004410097',
  ),
)  
[2025-01-31 12:31:37] local.INFO: WAToolBox endpoint set to: https://api.watoolbox.com/webhooks/19YC5Q41W  
[2025-01-31 12:31:37] local.DEBUG: reacched 2  
[2025-01-31 12:31:37] local.INFO: WAToolnbox MessageControler [{"webhook_url":"https://api.watoolbox.com/webhooks/19YC5Q41W","phone_number":"573004410097"}] 
[2025-01-31 12:31:37] local.INFO: sendMessageToWhatsApp  {"phone_number":"573125407247","message":"hola desde wirechat"} 
[2025-01-31 12:31:37] local.INFO: sendMessageToWhatsApp payload {"action":"send-message","phone":"573125407247","content":"hola desde wirechat","type":"text"} 
[2025-01-31 12:31:38] local.INFO: sendMessageToWhatsApp payload [200] 
[2025-01-31 12:31:38] local.DEBUG: https://api.watoolbox.com/webhooks/19YC5Q41W  
[2025-01-31 12:31:38] local.DEBUG: array (
  'success' => true,
)  
